MyPurchases/app/build/intermediates/manifest_merge_blame_file/debug/manifest-merger-blame-debug-report.txt
1<?xml version="1.0" encoding="utf-8"?>
2<manifest xmlns:android="http://schemas.android.com/apk/res/android"
3    package="com.mangoes.mypurchases"
4    android:versionCode="1"
5    android:versionName="1.0" >
6
7    <uses-sdk
8        android:minSdkVersion="16"
8-->src/main/AndroidManifest.xml
9        android:targetSdkVersion="28" />
9-->src/main/AndroidManifest.xml
10
11    <!-- Although the *SdkVersion is captured in gradle build files, this is required for non gradle builds -->
12    <!-- <uses-sdk android:minSdkVersion="14" /> -->
13    <uses-permission android:name="android.permission.ACCESS_NETWORK_STATE" />
13-->[com.google.firebase:firebase-firestore:21.3.1] AndroidManifest.xml:13:5-79
13-->[com.google.firebase:firebase-firestore:21.3.1] AndroidManifest.xml:13:22-76
14    <uses-permission android:name="android.permission.INTERNET" />
14-->[com.google.firebase:firebase-firestore:21.3.1] AndroidManifest.xml:14:5-67
14-->[com.google.firebase:firebase-firestore:21.3.1] AndroidManifest.xml:14:22-64
15    <uses-permission android:name="android.permission.WAKE_LOCK" /> <!-- Required by older versions of Google Play services to create IID tokens -->
15-->[com.google.android.gms:play-services-measurement-api:17.2.2] AndroidManifest.xml:24:5-68
15-->[com.google.android.gms:play-services-measurement-api:17.2.2] AndroidManifest.xml:24:22-65
16    <uses-permission android:name="com.google.android.c2dm.permission.RECEIVE" />
16-->[com.google.firebase:firebase-iid:20.0.2] AndroidManifest.xml:26:5-82
16-->[com.google.firebase:firebase-iid:20.0.2] AndroidManifest.xml:26:22-79
17    <uses-permission android:name="com.google.android.finsky.permission.BIND_GET_INSTALL_REFERRER_SERVICE" />
17-->[com.google.android.gms:play-services-measurement:17.2.2] AndroidManifest.xml:26:5-110
17-->[com.google.android.gms:play-services-measurement:17.2.2] AndroidManifest.xml:26:22-107
18
19    <application
19-->src/main/AndroidManifest.xml:5:5-23:19
20        android:allowBackup="true"
20-->src/main/AndroidManifest.xml:6:9-35
21        android:appComponentFactory="androidx.core.app.CoreComponentFactory"
21-->[androidx.core:core:1.0.1] AndroidManifest.xml:22:18-86
22        android:debuggable="true"
23        android:icon="@mipmap/ic_launcher"
23-->src/main/AndroidManifest.xml:7:9-43
24        android:label="@string/app_name"
24-->src/main/AndroidManifest.xml:8:9-41
25        android:roundIcon="@mipmap/ic_launcher_round"
25-->src/main/AndroidManifest.xml:9:9-54
26        android:supportsRtl="true"
26-->src/main/AndroidManifest.xml:10:9-35
27        android:theme="@style/AppTheme" >
27-->src/main/AndroidManifest.xml:11:9-40
28        <activity
28-->src/main/AndroidManifest.xml:12:9-14:69
29            android:name="com.mangoes.mypurchases.ui.login.LoginActivity"
29-->src/main/AndroidManifest.xml:13:13-51
30            android:label="@string/title_activity_login" />
30-->src/main/AndroidManifest.xml:14:13-57
31        <activity
31-->src/main/AndroidManifest.xml:15:9-18:59
32            android:name="com.mangoes.mypurchases.RegistrationActivity"
32-->src/main/AndroidManifest.xml:16:13-49
33            android:label="@string/title_activity_registration"
33-->src/main/AndroidManifest.xml:17:13-64
34            android:theme="@style/AppTheme.NoActionBar" />
34-->src/main/AndroidManifest.xml:18:13-56
35
36        <meta-data
36-->src/main/AndroidManifest.xml:20:9-22:61
37            android:name="com.google.android.actions"
37-->src/main/AndroidManifest.xml:21:13-54
38            android:resource="@xml/activity_registration" />
38-->src/main/AndroidManifest.xml:22:13-58
39
40        <service
40-->[com.google.firebase:firebase-firestore:21.3.1] AndroidManifest.xml:17:9-23:19
41            android:name="com.google.firebase.components.ComponentDiscoveryService"
41-->[com.google.firebase:firebase-firestore:21.3.1] AndroidManifest.xml:18:13-84
42            android:directBootAware="true"
42-->[com.google.firebase:firebase-common:19.3.0] AndroidManifest.xml:34:13-43
43            android:exported="false" >
43-->[com.google.firebase:firebase-firestore:21.3.1] AndroidManifest.xml:19:13-37
44            <meta-data
44-->[com.google.firebase:firebase-firestore:21.3.1] AndroidManifest.xml:20:13-22:85
45                android:name="com.google.firebase.components:com.google.firebase.firestore.FirestoreRegistrar"
45-->[com.google.firebase:firebase-firestore:21.3.1] AndroidManifest.xml:21:17-111
46                android:value="com.google.firebase.components.ComponentRegistrar" />
46-->[com.google.firebase:firebase-firestore:21.3.1] AndroidManifest.xml:22:17-82
47            <meta-data
47-->[com.google.firebase:firebase-auth:19.2.0] AndroidManifest.xml:36:13-38:85
48                android:name="com.google.firebase.components:com.google.firebase.auth.FirebaseAuthRegistrar"
48-->[com.google.firebase:firebase-auth:19.2.0] AndroidManifest.xml:37:17-109
49                android:value="com.google.firebase.components.ComponentRegistrar" />
49-->[com.google.firebase:firebase-auth:19.2.0] AndroidManifest.xml:38:17-82
50            <meta-data
50-->[com.google.android.gms:play-services-measurement-api:17.2.2] AndroidManifest.xml:30:13-32:85
51                android:name="com.google.firebase.components:com.google.firebase.analytics.connector.internal.AnalyticsConnectorRegistrar"
51-->[com.google.android.gms:play-services-measurement-api:17.2.2] AndroidManifest.xml:31:17-139
52                android:value="com.google.firebase.components.ComponentRegistrar" />
52-->[com.google.android.gms:play-services-measurement-api:17.2.2] AndroidManifest.xml:32:17-82
53            <meta-data
53-->[com.google.firebase:firebase-iid:20.0.2] AndroidManifest.xml:32:13-34:85
54                android:name="com.google.firebase.components:com.google.firebase.iid.Registrar"
54-->[com.google.firebase:firebase-iid:20.0.2] AndroidManifest.xml:33:17-96
55                android:value="com.google.firebase.components.ComponentRegistrar" />
55-->[com.google.firebase:firebase-iid:20.0.2] AndroidManifest.xml:34:17-82
56        </service>
57
58        <activity
58-->[com.google.firebase:firebase-auth:19.2.0] AndroidManifest.xml:24:9-31:50
59            android:name="com.google.firebase.auth.internal.FederatedSignInActivity"
59-->[com.google.firebase:firebase-auth:19.2.0] AndroidManifest.xml:25:13-85
60            android:excludeFromRecents="true"
60-->[com.google.firebase:firebase-auth:19.2.0] AndroidManifest.xml:26:13-46
61            android:exported="true"
61-->[com.google.firebase:firebase-auth:19.2.0] AndroidManifest.xml:27:13-36
62            android:launchMode="singleTask"
62-->[com.google.firebase:firebase-auth:19.2.0] AndroidManifest.xml:28:13-44
63            android:permission="com.google.firebase.auth.api.gms.permission.LAUNCH_FEDERATED_SIGN_IN"
63-->[com.google.firebase:firebase-auth:19.2.0] AndroidManifest.xml:29:13-102
64            android:theme="@android:style/Theme.Translucent.NoTitleBar" />
64-->[com.google.firebase:firebase-auth:19.2.0] AndroidManifest.xml:30:13-72
65
66        <receiver
66-->[com.google.firebase:firebase-iid:20.0.2] AndroidManifest.xml:37:9-44:20
67            android:name="com.google.firebase.iid.FirebaseInstanceIdReceiver"
67-->[com.google.firebase:firebase-iid:20.0.2] AndroidManifest.xml:38:13-78
68            android:exported="true"
68-->[com.google.firebase:firebase-iid:20.0.2] AndroidManifest.xml:39:13-36
69            android:permission="com.google.android.c2dm.permission.SEND" >
69-->[com.google.firebase:firebase-iid:20.0.2] AndroidManifest.xml:40:13-73
70            <intent-filter>
70-->[com.google.firebase:firebase-iid:20.0.2] AndroidManifest.xml:41:13-43:29
71                <action android:name="com.google.android.c2dm.intent.RECEIVE" />
71-->[com.google.firebase:firebase-iid:20.0.2] AndroidManifest.xml:42:17-81
71-->[com.google.firebase:firebase-iid:20.0.2] AndroidManifest.xml:42:25-78
72            </intent-filter>
73        </receiver>
74
75        <activity
75-->[com.google.android.gms:play-services-base:17.1.0] AndroidManifest.xml:23:9-26:75
76            android:name="com.google.android.gms.common.api.GoogleApiActivity"
76-->[com.google.android.gms:play-services-base:17.1.0] AndroidManifest.xml:24:13-79
77            android:exported="false"
77-->[com.google.android.gms:play-services-base:17.1.0] AndroidManifest.xml:25:13-37
78            android:theme="@android:style/Theme.Translucent.NoTitleBar" />
78-->[com.google.android.gms:play-services-base:17.1.0] AndroidManifest.xml:26:13-72
79
80        <receiver
80-->[com.google.android.gms:play-services-measurement:17.2.2] AndroidManifest.xml:29:9-33:20
81            android:name="com.google.android.gms.measurement.AppMeasurementReceiver"
81-->[com.google.android.gms:play-services-measurement:17.2.2] AndroidManifest.xml:30:13-85
82            android:enabled="true"
82-->[com.google.android.gms:play-services-measurement:17.2.2] AndroidManifest.xml:31:13-35
83            android:exported="false" >
83-->[com.google.android.gms:play-services-measurement:17.2.2] AndroidManifest.xml:32:13-37
84        </receiver>
85        <receiver
85-->[com.google.android.gms:play-services-measurement:17.2.2] AndroidManifest.xml:34:9-42:20
86            android:name="com.google.android.gms.measurement.AppMeasurementInstallReferrerReceiver"
86-->[com.google.android.gms:play-services-measurement:17.2.2] AndroidManifest.xml:35:13-100
87            android:enabled="true"
87-->[com.google.android.gms:play-services-measurement:17.2.2] AndroidManifest.xml:36:13-35
88            android:exported="true"
88-->[com.google.android.gms:play-services-measurement:17.2.2] AndroidManifest.xml:37:13-36
89            android:permission="android.permission.INSTALL_PACKAGES" >
89-->[com.google.android.gms:play-services-measurement:17.2.2] AndroidManifest.xml:38:13-69
90            <intent-filter>
90-->[com.google.android.gms:play-services-measurement:17.2.2] AndroidManifest.xml:39:13-41:29
91                <action android:name="com.android.vending.INSTALL_REFERRER" />
91-->[com.google.android.gms:play-services-measurement:17.2.2] AndroidManifest.xml:40:17-79
91-->[com.google.android.gms:play-services-measurement:17.2.2] AndroidManifest.xml:40:25-76
92            </intent-filter>
93        </receiver>
94
95        <service
95-->[com.google.android.gms:play-services-measurement:17.2.2] AndroidManifest.xml:44:9-47:40
96            android:name="com.google.android.gms.measurement.AppMeasurementService"
96-->[com.google.android.gms:play-services-measurement:17.2.2] AndroidManifest.xml:45:13-84
97            android:enabled="true"
97-->[com.google.android.gms:play-services-measurement:17.2.2] AndroidManifest.xml:46:13-35
98            android:exported="false" />
98-->[com.google.android.gms:play-services-measurement:17.2.2] AndroidManifest.xml:47:13-37
99        <service
99-->[com.google.android.gms:play-services-measurement:17.2.2] AndroidManifest.xml:48:9-52:72
100            android:name="com.google.android.gms.measurement.AppMeasurementJobService"
100-->[com.google.android.gms:play-services-measurement:17.2.2] AndroidManifest.xml:49:13-87
101            android:enabled="true"
101-->[com.google.android.gms:play-services-measurement:17.2.2] AndroidManifest.xml:50:13-35
102            android:exported="false"
102-->[com.google.android.gms:play-services-measurement:17.2.2] AndroidManifest.xml:51:13-37
103            android:permission="android.permission.BIND_JOB_SERVICE" />
103-->[com.google.android.gms:play-services-measurement:17.2.2] AndroidManifest.xml:52:13-69
104
105        <provider
105-->[com.google.firebase:firebase-common:19.3.0] AndroidManifest.xml:26:9-30:39
106            android:name="com.google.firebase.provider.FirebaseInitProvider"
106-->[com.google.firebase:firebase-common:19.3.0] AndroidManifest.xml:27:13-77
107            android:authorities="com.mangoes.mypurchases.firebaseinitprovider"
107-->[com.google.firebase:firebase-common:19.3.0] AndroidManifest.xml:28:13-72
108            android:exported="false"
108-->[com.google.firebase:firebase-common:19.3.0] AndroidManifest.xml:29:13-37
109            android:initOrder="100" />
109-->[com.google.firebase:firebase-common:19.3.0] AndroidManifest.xml:30:13-36
110
111        <meta-data
111-->[com.google.android.gms:play-services-basement:17.0.0] AndroidManifest.xml:23:9-25:69
112            android:name="com.google.android.gms.version"
112-->[com.google.android.gms:play-services-basement:17.0.0] AndroidManifest.xml:24:13-58
113            android:value="@integer/google_play_services_version" />
113-->[com.google.android.gms:play-services-basement:17.0.0] AndroidManifest.xml:25:13-66
114
115        <provider
115-->[androidx.lifecycle:lifecycle-process:2.0.0] AndroidManifest.xml:23:9-27:43
116            android:name="androidx.lifecycle.ProcessLifecycleOwnerInitializer"
116-->[androidx.lifecycle:lifecycle-process:2.0.0] AndroidManifest.xml:24:13-79
117            android:authorities="com.mangoes.mypurchases.lifecycle-process"
117-->[androidx.lifecycle:lifecycle-process:2.0.0] AndroidManifest.xml:25:13-69
118            android:exported="false"
118-->[androidx.lifecycle:lifecycle-process:2.0.0] AndroidManifest.xml:26:13-37
119            android:multiprocess="true" />
119-->[androidx.lifecycle:lifecycle-process:2.0.0] AndroidManifest.xml:27:13-40
120    </application>
121
122</manifest>